<?xml version="1.0" encoding="UTF-8"?>
<Site BuildName="(empty)"
	BuildStamp="20241107-0009-Experimental"
	Name="(empty)"
	Generator="ctest-3.28.3"
	CompilerName=""
	CompilerVersion=""
	OSName="Linux"
	Hostname="julive"
	OSRelease="6.8.0-48-generic"
	OSVersion="#48-Ubuntu SMP PREEMPT_DYNAMIC Fri Sep 27 14:04:52 UTC 2024"
	OSPlatform="x86_64"
	Is64Bits="1"
	VendorString="AuthenticAMD"
	VendorID="Advanced Micro Devices"
	FamilyID="23"
	ModelID="24"
	ProcessorCacheSize="512"
	NumberOfLogicalCPU="8"
	NumberOfPhysicalCPU="8"
	TotalVirtualMemory="4095"
	TotalPhysicalMemory="5332"
	LogicalProcessorsPerPhysical="1"
	ProcessorClockFrequency="2295.69"
	>
	<Testing>
		<StartDateTime>Nov 07 01:09 CET</StartDateTime>
		<StartTestTime>1730938179</StartTestTime>
		<TestList/>
		<EndDateTime>Nov 07 01:09 CET</EndDateTime>
		<EndTestTime>1730938179</EndTestTime>
		<ElapsedMinutes>0</ElapsedMinutes>
	</Testing>
</Site>
